
> stratiq@1.0.0 lint
> next lint

npm : 
At line:1 char:1
+ npm run lint > 
lint_output.log 2>&1
+ ~~~~~~~~~~~~~~~~~~~~~~
~~~~~~~~~~~~~
    + CategoryInfo      
        : NotSpecified: 
(:St    ring) [], 
RemoteExcept    ion
    + 
FullyQualifiedErrorI    
d : NativeCommandError
 
./app/auth/login/page.ts
x
68:13  Error: `"` can 
be escaped with 
`&quot;`, `&ldquo;`, 
`&#34;`, `&rdquo;`.  rea
ct/no-unescaped-entities
68:60  Error: `"` can 
be escaped with 
`&quot;`, `&ldquo;`, 
`&#34;`, `&rdquo;`.  rea
ct/no-unescaped-entities

./app/contact/page.tsx
42:59  Error: `'` can 
be escaped with 
`&apos;`, `&lsquo;`, 
`&#39;`, `&rsquo;`.  rea
ct/no-unescaped-entities

./app/simulate/page.tsx
43:6  Warning: React 
Hook useEffect has a 
missing dependency: 
'supabase'. Either 
include it or remove 
the dependency array.  r
eact-hooks/exhaustive-de
ps

info  - Need to disable 
some ESLint rules? 
Learn more here: https:/
/nextjs.org/docs/basic-f
eatures/eslint#disabling
-rules
